  dllmain.cpp
  framework.cpp
  hook.cpp
E:\Repos\AcHax3\AcHax3\hook.cpp(41,36): warning C4018: '<': signed/unsigned mismatch
E:\Repos\AcHax3\AcHax3\hook.cpp(59,149): warning C4244: 'argument': conversion from 'float' to 'int', possible loss of data
E:\Repos\AcHax3\AcHax3\hook.cpp(59,126): warning C4244: 'argument': conversion from 'float' to 'int', possible loss of data
E:\Repos\AcHax3\AcHax3\hook.cpp(61,144): warning C4244: 'argument': conversion from 'float' to 'int', possible loss of data
E:\Repos\AcHax3\AcHax3\hook.cpp(61,121): warning C4244: 'argument': conversion from 'float' to 'int', possible loss of data
  main.cpp
E:\Repos\AcHax3\AcHax3\main.cpp(10,32): warning C4018: '<': signed/unsigned mismatch
E:\Repos\AcHax3\AcHax3\main.cpp(195,79): warning C4305: '+=': truncation from 'double' to 'float'
  mem.cpp
  openGl.cpp
  proc.cpp
  Generating code
  4 of 114 functions ( 3.5%) were compiled, the rest were copied from previous compilation.
    1 functions were new in current compilation
    5 functions had inline decision re-evaluated but remain unchanged
  Finished generating code
  AcHax3.vcxproj -> E:\Repos\AcHax3\Release\AcHax3.dll
