e:\repos\achax3\release\achax3.ipdb
e:\repos\achax3\release\achax3.iobj
e:\repos\achax3\achax3\release\vc142.pdb
e:\repos\achax3\achax3\release\geom.obj
e:\repos\achax3\achax3\release\render.obj
e:\repos\achax3\achax3\release\main.obj
e:\repos\achax3\achax3\release\framework.obj
e:\repos\achax3\achax3\release\dllmain.obj
e:\repos\achax3\achax3\release\imgui_impl_opengl2.obj
e:\repos\achax3\achax3\release\imgui_impl_win32.obj
e:\repos\achax3\achax3\release\proc.obj
e:\repos\achax3\achax3\release\mem.obj
e:\repos\achax3\achax3\release\hook.obj
e:\repos\achax3\achax3\release\opengl.obj
e:\repos\achax3\achax3\release\esp.obj
e:\repos\achax3\release\achax3.pdb
e:\repos\achax3\achax3\release\achax3.tlog\achax3.write.1u.tlog
e:\repos\achax3\achax3\release\achax3.tlog\cl.command.1.tlog
e:\repos\achax3\achax3\release\achax3.tlog\cl.read.1.tlog
e:\repos\achax3\achax3\release\achax3.tlog\cl.write.1.tlog
e:\repos\achax3\achax3\release\achax3.tlog\link-cvtres.read.1.tlog
e:\repos\achax3\achax3\release\achax3.tlog\link-cvtres.write.1.tlog
e:\repos\achax3\achax3\release\achax3.tlog\link-rc.read.1.tlog
e:\repos\achax3\achax3\release\achax3.tlog\link-rc.write.1.tlog
e:\repos\achax3\achax3\release\achax3.tlog\link.command.1.tlog
e:\repos\achax3\achax3\release\achax3.tlog\link.read.1.tlog
e:\repos\achax3\achax3\release\achax3.tlog\link.write.1.tlog
